[2026-02-24 16:23:58.717] warn: (Schema Integrity) plugin::plugin-all-in-one-accessibility.settings does not exist on destination
[2026-02-24 16:23:58.717] warn: (Schema Integrity) api::about.about does not exist on destination
[2026-02-24 16:23:58.717] warn: (Schema Integrity) api::article.article does not exist on destination
[2026-02-24 16:23:58.717] warn: (Schema Integrity) api::author.author.info.description has a different data type
[2026-02-24 16:23:58.717] warn: (Schema Integrity) api::author.author.options.draftAndPublish has a different data type
[2026-02-24 16:23:58.717] warn: (Schema Integrity) api::author.author.attributes.avatar.allowedTypes.1 does not exist on destination
[2026-02-24 16:23:58.717] warn: (Schema Integrity) api::author.author.attributes.avatar.allowedTypes.2 does not exist on destination
[2026-02-24 16:23:58.717] warn: (Schema Integrity) api::author.author.attributes.email does not exist on destination
[2026-02-24 16:23:58.717] warn: (Schema Integrity) api::author.author.attributes.articles does not exist on destination
[2026-02-24 16:23:58.717] warn: (Schema Integrity) api::author.author.attributes.bio does not exist on source
[2026-02-24 16:23:58.717] warn: (Schema Integrity) api::author.author.attributes.social_links does not exist on source
[2026-02-24 16:23:58.717] warn: (Schema Integrity) api::author.author.attributes.blog_posts does not exist on source
[2026-02-24 16:23:58.717] warn: (Schema Integrity) api::calculator.calculator does not exist on destination
[2026-02-24 16:23:58.717] warn: (Schema Integrity) api::category.category.info.description has a different data type
[2026-02-24 16:23:58.717] warn: (Schema Integrity) api::category.category.options.draftAndPublish has a different data type
[2026-02-24 16:23:58.717] warn: (Schema Integrity) api::category.category.attributes.articles does not exist on destination
[2026-02-24 16:23:58.717] warn: (Schema Integrity) api::category.category.attributes.slug.targetField does not exist on source
[2026-02-24 16:23:58.718] warn: (Schema Integrity) api::category.category.attributes.blog_posts does not exist on source
[2026-02-24 16:23:58.718] warn: (Schema Integrity) api::financial-quarter.financial-quarter does not exist on destination
[2026-02-24 16:23:58.718] warn: (Schema Integrity) api::financial-year.financial-year does not exist on destination
[2026-02-24 16:23:58.718] warn: (Schema Integrity) api::global.global does not exist on destination
[2026-02-24 16:23:58.718] warn: (Schema Integrity) api::global-config.global-config.collectionName has a different data type
[2026-02-24 16:23:58.718] warn: (Schema Integrity) api::global-config.global-config.info.displayName has a different data type
[2026-02-24 16:23:58.718] warn: (Schema Integrity) api::global-config.global-config.options.draftAndPublish has a different data type
[2026-02-24 16:23:58.718] warn: (Schema Integrity) api::global-config.global-config.attributes.localizations.joinColumn.referencedTable has a different data type
[2026-02-24 16:23:58.718] warn: (Schema Integrity) api::global-config.global-config.attributes.cin_number does not exist on destination
[2026-02-24 16:23:58.718] warn: (Schema Integrity) api::global-config.global-config.attributes.irdai_reg_number does not exist on destination
[2026-02-24 16:23:58.718] warn: (Schema Integrity) api::global-config.global-config.attributes.section_41_warning does not exist on destination
[2026-02-24 16:23:58.718] warn: (Schema Integrity) api::global-config.global-config.attributes.irdai_url does not exist on destination
[2026-02-24 16:23:58.718] warn: (Schema Integrity) api::global-config.global-config.attributes.gic_url does not exist on destination
[2026-02-24 16:23:58.718] warn: (Schema Integrity) api::global-config.global-config.attributes.bima_bharosa_url does not exist on destination
[2026-02-24 16:23:58.718] warn: (Schema Integrity) api::global-config.global-config.attributes.header_logo does not exist on destination
[2026-02-24 16:23:58.718] warn: (Schema Integrity) api::global-config.global-config.attributes.header_phone_number does not exist on destination
[2026-02-24 16:23:58.718] warn: (Schema Integrity) api::global-config.global-config.attributes.header_email_address does not exist on destination
[2026-02-24 16:23:58.718] warn: (Schema Integrity) api::global-config.global-config.attributes.footer_description does not exist on destination
[2026-02-24 16:23:58.718] warn: (Schema Integrity) api::global-config.global-config.attributes.footer_logo does not exist on destination
[2026-02-24 16:23:58.718] warn: (Schema Integrity) api::global-config.global-config.attributes.privacy_policy_url does not exist on destination
[2026-02-24 16:23:58.718] warn: (Schema Integrity) api::global-config.global-config.attributes.terms_of_service_url does not exist on destination
[2026-02-24 16:23:58.718] warn: (Schema Integrity) api::global-config.global-config.attributes.support_email does not exist on destination
[2026-02-24 16:23:58.718] warn: (Schema Integrity) api::global-config.global-config.attributes.social_links does not exist on destination
[2026-02-24 16:23:58.718] warn: (Schema Integrity) api::global-config.global-config.attributes.app_links does not exist on destination
[2026-02-24 16:23:58.718] warn: (Schema Integrity) api::global-config.global-config.attributes.footer_copyright does not exist on destination
[2026-02-24 16:23:58.718] warn: (Schema Integrity) api::global-config.global-config.info.description does not exist on source
[2026-02-24 16:23:58.718] warn: (Schema Integrity) api::global-config.global-config.attributes.site_logo does not exist on source
[2026-02-24 16:23:58.718] warn: (Schema Integrity) api::global-config.global-config.attributes.main_navigation does not exist on source
[2026-02-24 16:23:58.718] warn: (Schema Integrity) api::global-config.global-config.attributes.footer_columns does not exist on source
[2026-02-24 16:23:58.718] warn: (Schema Integrity) api::global-config.global-config.attributes.social_media does not exist on source
[2026-02-24 16:23:58.718] warn: (Schema Integrity) api::global-config.global-config.attributes.copyright_text does not exist on source
[2026-02-24 16:23:58.718] warn: (Schema Integrity) api::global-config.global-config.attributes.irdai_license does not exist on source
[2026-02-24 16:23:58.718] warn: (Schema Integrity) api::global-config.global-config.attributes.mandatory_disclaimers does not exist on source
[2026-02-24 16:23:58.718] warn: (Schema Integrity) api::homepage.homepage does not exist on destination
[2026-02-24 16:23:58.718] warn: (Schema Integrity) api::insurance-product.insurance-product does not exist on destination
[2026-02-24 16:23:58.718] warn: (Schema Integrity) api::leadership-profile.leadership-profile does not exist on destination
[2026-02-24 16:23:58.718] warn: (Schema Integrity) api::legal-page.legal-page does not exist on destination
[2026-02-24 16:23:58.718] warn: (Schema Integrity) api::navigation-menu.navigation-menu does not exist on destination
[2026-02-24 16:23:58.718] warn: (Schema Integrity) api::testimonial.testimonial does not exist on destination
[2026-02-24 16:23:58.718] warn: (Schema Integrity) disclosures.disclosure-document does not exist on destination
[2026-02-24 16:23:58.718] warn: (Schema Integrity) shared.stats does not exist on destination
[2026-02-24 16:23:58.718] warn: (Schema Integrity) shared.social-link does not exist on destination
[2026-02-24 16:23:58.718] warn: (Schema Integrity) shared.slider does not exist on destination
[2026-02-24 16:23:58.718] warn: (Schema Integrity) shared.seo.collectionName has a different data type
[2026-02-24 16:23:58.718] warn: (Schema Integrity) shared.seo.info.displayName has a different data type
[2026-02-24 16:23:58.718] warn: (Schema Integrity) shared.seo.info.description has a different data type
[2026-02-24 16:23:58.718] warn: (Schema Integrity) shared.seo.info.name does not exist on destination
[2026-02-24 16:23:58.718] warn: (Schema Integrity) shared.seo.info.icon does not exist on destination
[2026-02-24 16:23:58.719] warn: (Schema Integrity) shared.seo.attributes.metaTitle does not exist on destination
[2026-02-24 16:23:58.719] warn: (Schema Integrity) shared.seo.attributes.metaDescription does not exist on destination
[2026-02-24 16:23:58.719] warn: (Schema Integrity) shared.seo.attributes.shareImage does not exist on destination
[2026-02-24 16:23:58.719] warn: (Schema Integrity) shared.seo.attributes.metaRobots does not exist on destination
[2026-02-24 16:23:58.719] warn: (Schema Integrity) shared.seo.attributes.ogTitle does not exist on destination
[2026-02-24 16:23:58.719] warn: (Schema Integrity) shared.seo.attributes.ogDescription does not exist on destination
[2026-02-24 16:23:58.719] warn: (Schema Integrity) shared.seo.attributes.meta_title does not exist on source
[2026-02-24 16:23:58.719] warn: (Schema Integrity) shared.seo.attributes.meta_description does not exist on source
[2026-02-24 16:23:58.719] warn: (Schema Integrity) shared.seo.attributes.meta_image does not exist on source
[2026-02-24 16:23:58.719] warn: (Schema Integrity) shared.rich-text does not exist on destination
[2026-02-24 16:23:58.719] warn: (Schema Integrity) shared.quote does not exist on destination
[2026-02-24 16:23:58.719] warn: (Schema Integrity) shared.promo-card does not exist on destination
[2026-02-24 16:23:58.719] warn: (Schema Integrity) shared.media does not exist on destination
[2026-02-24 16:23:58.719] warn: (Schema Integrity) shared.app-links does not exist on destination
[2026-02-24 16:23:58.719] warn: (Schema Integrity) api::blog-post.blog-post does not exist on source
[2026-02-24 16:23:58.719] warn: (Schema Integrity) api::page.page does not exist on source
[2026-02-24 16:23:58.719] warn: (Schema Integrity) api::terms-and-condition.terms-and-condition does not exist on source
[2026-02-24 16:23:58.719] warn: (Schema Integrity) shared.social-media does not exist on source
[2026-02-24 16:23:58.719] warn: (Schema Integrity) shared.link does not exist on source
[2026-02-24 16:23:58.719] warn: (Schema Integrity) navigation.menu-link does not exist on source
[2026-02-24 16:23:58.719] warn: (Schema Integrity) footer.footer-columns does not exist on source
[2026-02-24 16:23:58.719] warn: (Schema Integrity) components.text-block does not exist on source
[2026-02-24 16:23:58.719] warn: (Schema Integrity) components.qna-item does not exist on source
[2026-02-24 16:23:58.719] warn: (Schema Integrity) components.media-block does not exist on source
[2026-02-24 16:23:58.719] warn: (Schema Integrity) components.hero-simple does not exist on source
[2026-02-24 16:23:58.719] warn: (Schema Integrity) components.card-item does not exist on source
[2026-02-24 16:23:58.719] warn: (Schema Integrity) components.card-grid does not exist on source
[2026-02-24 16:23:58.719] warn: (Schema Integrity) components.accordion does not exist on source
